// system.o
// unused:memcmp_as4
// unused:memset_as4
80005634:memcpy_as4
80005654:LZ77Decode
// unused:mtxGetScaleElement
800057ac:mtxGetRotationElement
// unused:mtx_set_col_vec
// unused:mtx_set_row_vec
// unused:mtx_col_vec
// unused:mtx_row_vec
// unused:sysOSReport
// unused:sysFrame2MsecFloat
// unused:sysFrame2Msec
80005ae4:sysMsec2FrameFloat
80005af8:sysMsec2Frame
80005b18:sysFrame2SecFloat
// unused:sysFrame2Sec
// unused:sysSec2FrameFloat
// unused:sysSec2Frame
80005b24:getV60FPS
80005bfc:sysDummyDraw
80005e08:sysWaitDrawSync
80005eb4:sysGetToken
80005ec4:irand
// unused:movePos3
// unused:movePos2
80005f08:movePos
80005fb0:sincosf
80006028:padGetRumbleStatus
80006038:padRumbleHardOff
8000604c:padRumbleOff
80006060:padRumbleOn
// unused:keyGetTriggerR
// unused:keyGetTriggerL
80006074:keyGetSubStickY
// unused:keyGetSubStickX
80006084:keyGetStickY
80006094:keyGetStickX
800060a4:keyGetButtonTrg
800060b8:keyGetDirTrg
800060cc:keyGetButtonRep
800060e0:keyGetDirRep
800060f4:keyGetButton
80006108:keyGetDir
8000611c:makeKey
8000647c:qqsort
// 80006600:fsort
// unused:intplStringToEnum
80006c0c:intplGetValue
80006fbc:angleABf
80007170:compAngle
800071ac:distABf
800072a8:reviseAngle
// unused:roundi
// unused:__assert2
// unused:__assert
80007308:getMarioStDvdRoot

// dispdrv.o
// unused:dispGetEntNum
800106b8:dispGetCurWork
800106c0:dispCalcZ
80010754:dispDraw
800109b0:dispSort
// 80010b90:_sort
80010a18:dispEntry
80010ab8:dispReInit
80010ac4:dispInit

// seqdrv.o
8002dbc0:seqCheckSeq
8002dbdc:seqGetNextSeq
8002dbe4:seqGetPrevSeq
8002dbec:seqGetSeq
8002dbf4:seqSetSeq
8002dc04:seqMain
8002dce0:seqInit_MARIOSTORY

// memory.o
// unused:smartGetWorkPtr
8002ed18:smartTexObj
8002ed54:smartGarbage
8002ef1c:smartAlloc
8002f254:smartFree
8002f3a8:smartAutoFree
8002f44c:smartReInit
8002f5bc:smartInit
// unused:_mapAllocDump
8002f7a0:_mapFree
8002f840:_mapAllocTail
8002f954:_mapAlloc
8002fa60:__memFree
8002fa8c:__memAlloc
8002faf0:memClear
8002fbb4:memInit

// mario.o
// 800553ac:toFrontPose
// 800558c0:toRearPose
// 80055dd4:marioDisp
// 80056300:marioDispBlur
// 80056484:marioDispBlurSub
// 80056a6c:marioPreDisp
// 80056e90:marioRearAnime
// 8005753c:marioMakeDispDir
// 80057a9c:marioGetScale
// 80057abc:marioChkInScreen
// 80057af4:marioGetScreenPos
// 80057b78:marioPaperLightOff
// 80057ba4:marioPaperLightOn
// 80057bd0:marioPaperOff
// 80057c50:marioPaperOn
// 80057d68:marioSetPaperAnimeLocalTime
// 80057e28:marioChgPaper
// 80057eb0:marioChgPoseTime
// 80057f44:marioChgPose
// 8005815c:toDotMarioPose
// 800582e4:marioChgEvtPose
// 80058374:unk_JP_US_PAL_005_80058374
// 800585bc:marioAnimeId
// 800585ec:marioChkPushAnime
// 80058668:marioMoveMain
// 80058c38:marioMove
// 800597f4:marioCtrlOff2Main
// 800599a0:marioMain
// 8005a398:marioReInit
// 8005a780:marioInit
// 8005ac00:marioPoseInit
// 8005ac98:marioSoundInit
// 8005acb0:marioOfsRotReset
// 8005ad20:marioReset
// 8005af48:marioResetHitObj
// 8005b0e4:marioChkSts
// 8005b184:marioBgmodeOff
// 8005b248:marioBgmodeOn
// 8005b30c:marioBgmodeChk
// 8005b31c:marioSetMutekiTime
// 8005b368:marioKeyOn
// 8005b39c:marioKeyOff
// 8005b3c4:marioCtrlOn2
// 8005b404:marioCtrlOff2
// 8005b438:marioCtrlOn
// 8005b46c:marioCtrlOff
// 8005b494:marioKeyOffChk
// 8005b4a4:marioCtrlOffChk
// 8005b4b4:marioFBattlePost
// 8005b53c:marioFBattlePrepare
// 8005b5a8:unk_JP_US_PAL_006_8005b5a8
// 8005b5d4:marioChkCtrl
// 8005b5ec:marioChkKey
// 8005b728:marioCheckMenuDisable
// 8005bb80:unk_JP_US_PAL_007_8005bb80
// 8005bbac:marioCaseEventValidChk
// 8005bbec:marioItemGetOk
// 8005bc00:marioItemGetChk
// 8005bc3c:marioItemGetDisable
// 8005bc58:marioEntry
// 8005befc:marioSetSpec
// 8005bf94:marioSetFamicomMode
// 8005c894:marioSetCharMode
// 8005d204:marioGetColor
8005d214:marioGetPtr

// mariost.o
// unused:gcResetDone
// unused:gcResetCheck
8006dcb8:gcRumbleCheck
// unused:gcDvdCheckCancel
// unused:gcDvdCheckInit
8006dfc0:gcDvdCheckThread
8006e194:viPostCallback
8006e54c:marioStGetSystemLevel
8006e558:marioStSystemLevel
8006e66c:marioStDisp
8006e694:marioStMain
8006e8cc:marioStInit

// fontmgr.o
// unused:JUTFont_Draw
// unused:JUTFont_DrawPos
800734c4:_JUTFont_DrawPos
8007398c:JUTFont_DrawStart
// unused:JUTFont_GetWidth
// unused:JUTFont_GetWidthEntry
80073bf8:JUTFont_CodeToGlyph
80073d6c:JUTFont_Free
80073da4:JUTFontSetup
// unused:JUTFont_SetWidth
80074034:HSV2RGB
80074260:FontGetMessageWidth
80074284:FontGetMessageWidthLine
800745a8:kanjiGetWidth
80074620:kanjiSearch
80074640:hankakuSearch
80074664:FontDrawMessageMtx
80074d0c:FontDrawMessage
80075424:FontDrawStringShake
80075758:FontDrawStringCenterMtx
// unused:FontDrawStringCenter
80075a28:FontDrawStringMtx
80075d84:FontDrawStringVecPitch
8007608c:FontDrawStringPitch
// unused:FontDrawStringVec
800763f4:FontDrawString
800766f4:FontDrawCodeMtx
80076850:FontDrawCode
800769f8:FontDrawScaleVec
80076a14:FontDrawScale
80076a28:FontGetDrawColor
80076a30:FontDrawColor_
80076a9c:FontDrawColor
80076b00:FontDrawColorIDX
80076b70:FontDrawNoiseOff
80076b9c:FontDrawNoise
80076ca0:FontDrawRainbowColorOff
80076cc4:FontDrawRainbowColor
80076d64:FontDrawEdgeOff
80076d70:FontDrawEdge
80076d7c:FontDrawStart_alpha
80076e08:FontDrawStart
80076e98:fontmgrTexSetup
8007711c:fontmgrInit

// swdrv.o
// 800847b8:_swByteGet
// 800847c8:_swByteSet
// 800847d8:_swClear
// 80084818:_swGet
// 80084860:_swSet
800848a0:swByteGet
// 800848c4:swByteSet
// 800848e8:swClear
// 80084928:swGet
// 80084970:swSet
// 800849b0:swReInit
// 800849f4:swInit

// seq_logo.o
// 80084a6c:progDisp
// unused:arcLoad
// unused:arcPreLoad
// 80084f84:dummy_draw
// 8008503c:logoDisp
80085998:seq_logoMain
80085f50:seq_logoExit
80085f94:seq_logoInit

// party.o
// 800b52b4:partySetFamicomMode
// 800b56a8:partyShadowOff
// 800b56c0:partyUpdateKeyData
// 800b57c8:partyClearCont
// 800b5800:partyKeyOff
// 800b5804:partyKeyOn
// 800b5808:partyDisp
// 800b5c10:partyPreDisp
// 800b5f28:partyMakeDispDir
// 800b6268:partySetCamId
// 800b6270:partyInitCamId
// 800b62a0:party_damage_return
// 800b67d8:partyRideYoshiMain
// 800b6c94:party_ride_yoshi_force_move
// 800b6d1c:party_force_ride_yoshi
// 800b6eb4:partyRideMain
// 800b7a68:partyRideChk
// 800b7aa4:allPartyRideOff2
// 800b7b38:allPartyRideOff
// 800b7bcc:unk_JP_US_PAL_029_800b7bcc
// 800b7c48:allPartyForceRideOn
// 800b7d1c:getRidePos
// 800b7f9c:allPartyRideShip
// 800b8028:allPartyRidePlane
// 800b80b4:partyDokanEnd
// 800b8178:partyDokanMain
// 800b8628:partyDokanInit
// 800b8bd8:partyGoodbyeMain
// 800b90f4:partyGoodbyeInit
// 800b91c0:partyHelloMain
// 800b98c4:partyHello
// 800b9a58:partyDoWork
// 800b9b00:driveParty
// 800ba1f0:partyMain
// 800ba2dc:unk_JP_US_PAL_030_800ba2dc
// 800ba72c:unk_JP_US_PAL_031_800ba72c
// 800ba7a8:unk_JP_US_PAL_032_800ba7a8
// 800ba814:partyChgRunMode
// 800babb0:partyUsePost
// 800bac0c:partyReInit
// 800bb328:partyInit
// 800bb354:partyEntry2Pos
// 800bb724:partyEntry2Hello
// 800bba4c:partyEntry2
// 800bbdc0:partyEntryMain
// 800bc140:partyGetHeight
// 800bc170:yoshiSetColor
// 800bc210:partyKill2
// 800bc318:partyKill
// 800bc478:partyGoodbye
// 800bc4c8:partyEntryPos
// 800bc6e4:partyEntry
// 800bc89c:partyEntryHello
// 800bc8ec:partySetForceMove
// 800bc934:partyStop
// 800bc958:partyRun
// 800bc988:partyCtrlOn
// 800bc9c0:partyCtrlOff
// 800bc9f8:partyChgPaper
// 800bca68:partyChgPose
// 800bcae4:partyChgPoseId
// 800bcc48:partyPaperLightOff
// 800bcc70:partyPaperOff
// 800bccec:partyPaperOn
// 800bce0c:anotherPartyGetPtr
800bce30:partyGetPtr

// mario_party.o
// 8013b868:partyGetTechLv
// 8013b8ac:partyGetHp
// 8013b8f0:partyChkJoin
// 8013b938:partyLeft
// 8013b97c:partyJoin
// 8013b9c0:marioGetExtraPartyId
8013ba58:marioGetPartyId
// 8013baf0:marioGetParty
// 8013bba0:marioPartyKill
// 8013bc0c:marioPartyGoodbye
// 8013bc54:marioPartyHello
// 8013bd04:marioPartyEntry
// 8013be14:unk_JP_US_PAL_062_8013be14
// 8013bea8:marioUseParty

// printf.o
80264108:sprintf
// unused:snprintf
802641e8:vsprintf
// unused:vsnprintf
// unused:vfprintf
80264260:vprintf
// unused:fprintf
802642f8:printf
802643e0:__StringWrite
8026444c:__FileWrite
// 802644a4:__pformatter
// 80264c18:float2str
// 80265334:round_decimal
// 80265460:double2hex
// 80265798:longlong2str
// 80265aac:long2str
// 80265d04:parse_format

// string.c
// unused:strstr
// 802673dc:strchr
// 8026740c:strncmp
8026744c:strcmp
// 80267574:strcat
// 802675a0:strncpy
// 802675e4:strcpy
// 8026769c:strlen

// e_atan2.c
80269414:__ieee754_atan2